<?xml version="1.0" encoding="UTF-8"?>
<!-- Generated by org.testng.reporters.JUnitXMLReporter -->
<testsuite ignored="0" hostname="LAPTOP-3K8B2CF7" failures="0" tests="4" name="Default test" time="29.734" errors="0" timestamp="2022-11-07T15:03:39 IST">
  <testcase classname="api.test.TestEndpoints" name="testPostUser" time="7.901"/>
  <testcase classname="api.test.TestEndpoints" name="testGetUserByName" time="6.438"/>
  <testcase classname="api.test.TestEndpoints" name="testUpdateUserByName" time="10.143"/>
  <testcase classname="api.test.TestEndpoints" name="testDeleteUserByName" time="4.945"/>
</testsuite> <!-- Default test -->
