<?xml version="1.0" encoding="UTF-8"?>
<testng-results ignored="0" total="4" passed="4" failed="0" skipped="0">
  <reporter-output>
  </reporter-output>
  <suite started-at="2022-11-07T15:03:10 IST" name="Default suite" finished-at="2022-11-07T15:03:39 IST" duration-ms="29734">
    <groups>
    </groups>
    <test started-at="2022-11-07T15:03:10 IST" name="Default test" finished-at="2022-11-07T15:03:39 IST" duration-ms="29734">
      <class name="api.test.TestEndpoints">
        <test-method is-config="true" signature="beforeTest()[pri:0, instance:api.test.TestEndpoints@71238fc2]" started-at="2022-11-07T15:03:10 IST" name="beforeTest" finished-at="2022-11-07T15:03:10 IST" duration-ms="264" status="PASS">
          <reporter-output>
          </reporter-output>
        </test-method> <!-- beforeTest -->
        <test-method signature="testPostUser()[pri:1, instance:api.test.TestEndpoints@71238fc2]" started-at="2022-11-07T15:03:10 IST" name="testPostUser" finished-at="2022-11-07T15:03:18 IST" duration-ms="7901" status="PASS">
          <reporter-output>
          </reporter-output>
        </test-method> <!-- testPostUser -->
        <test-method signature="testGetUserByName()[pri:2, instance:api.test.TestEndpoints@71238fc2]" started-at="2022-11-07T15:03:18 IST" name="testGetUserByName" finished-at="2022-11-07T15:03:24 IST" duration-ms="6438" status="PASS">
          <reporter-output>
          </reporter-output>
        </test-method> <!-- testGetUserByName -->
        <test-method signature="testUpdateUserByName()[pri:3, instance:api.test.TestEndpoints@71238fc2]" started-at="2022-11-07T15:03:24 IST" name="testUpdateUserByName" finished-at="2022-11-07T15:03:34 IST" duration-ms="10143" status="PASS">
          <reporter-output>
          </reporter-output>
        </test-method> <!-- testUpdateUserByName -->
        <test-method signature="testDeleteUserByName()[pri:4, instance:api.test.TestEndpoints@71238fc2]" started-at="2022-11-07T15:03:34 IST" name="testDeleteUserByName" finished-at="2022-11-07T15:03:39 IST" duration-ms="4945" status="PASS">
          <reporter-output>
          </reporter-output>
        </test-method> <!-- testDeleteUserByName -->
      </class> <!-- api.test.TestEndpoints -->
    </test> <!-- Default test -->
  </suite> <!-- Default suite -->
</testng-results>
